c:\users\diego\onedrive\escritorio\averagesalary\averagesalary\x64\debug\vc143.pdb
c:\users\diego\onedrive\escritorio\averagesalary\averagesalary\x64\debug\vc143.idb
c:\users\diego\onedrive\escritorio\averagesalary\averagesalary\x64\debug\employee.obj
c:\users\diego\onedrive\escritorio\averagesalary\averagesalary\x64\debug\averagesalary.obj
c:\users\diego\onedrive\escritorio\averagesalary\averagesalary\bin\averagesalary.exe
c:\users\diego\onedrive\escritorio\averagesalary\averagesalary\bin\averagesalary.pdb
c:\users\diego\onedrive\escritorio\averagesalary\averagesalary\x64\debug\averagesalary.ilk
c:\users\diego\onedrive\documentos\averagesalary\averagesalary\x64\debug\averagesalary.obj
c:\users\diego\onedrive\documentos\averagesalary\averagesalary\x64\debug\employee.obj
c:\users\diego\onedrive\documentos\averagesalary\averagesalary\x64\debug\averagesalary.ilk
c:\users\diego\onedrive\documentos\averagesalary\averagesalary\x64\debug\vc143.idb
c:\users\diego\onedrive\documentos\averagesalary\averagesalary\x64\debug\vc143.pdb
c:\users\diego\onedrive\documentos\averagesalary\averagesalary\bin\averagesalary.exe
c:\users\diego\onedrive\documentos\averagesalary\averagesalary\x64\debug\averagesalary.tlog\cl.command.1.tlog
c:\users\diego\onedrive\documentos\averagesalary\averagesalary\x64\debug\averagesalary.tlog\cl.items.tlog
c:\users\diego\onedrive\documentos\averagesalary\averagesalary\x64\debug\averagesalary.tlog\cl.read.1.tlog
c:\users\diego\onedrive\documentos\averagesalary\averagesalary\x64\debug\averagesalary.tlog\cl.write.1.tlog
c:\users\diego\onedrive\documentos\averagesalary\averagesalary\x64\debug\averagesalary.tlog\link.command.1.tlog
c:\users\diego\onedrive\documentos\averagesalary\averagesalary\x64\debug\averagesalary.tlog\link.read.1.tlog
c:\users\diego\onedrive\documentos\averagesalary\averagesalary\x64\debug\averagesalary.tlog\link.secondary.1.tlog
c:\users\diego\onedrive\documentos\averagesalary\averagesalary\x64\debug\averagesalary.tlog\link.write.1.tlog
